12-07-2024 20:26:27 - tensorflow - DEBUG - Falling back to TensorFlow client; we recommended you install the Cloud TPU client directly with pip install cloud-tpu-client.
12-07-2024 20:26:27 - h5py._conv - DEBUG - Creating converter from 7 to 5
12-07-2024 20:26:27 - h5py._conv - DEBUG - Creating converter from 5 to 7
12-07-2024 20:26:27 - h5py._conv - DEBUG - Creating converter from 7 to 5
12-07-2024 20:26:27 - h5py._conv - DEBUG - Creating converter from 5 to 7
12-07-2024 20:26:28 - matplotlib - DEBUG - matplotlib data path: c:\Anaconda\envs\tensorvault\lib\site-packages\matplotlib\mpl-data
12-07-2024 20:26:28 - matplotlib - DEBUG - CONFIGDIR=C:\Users\Thomas V\.matplotlib
12-07-2024 20:26:28 - matplotlib - DEBUG - interactive is False
12-07-2024 20:26:28 - matplotlib - DEBUG - platform is win32
12-07-2024 20:26:28 - matplotlib - DEBUG - CACHEDIR=C:\Users\Thomas V\.matplotlib
12-07-2024 20:26:28 - matplotlib.font_manager - DEBUG - Using fontManager instance from C:\Users\Thomas V\.matplotlib\fontlist-v330.json
12-07-2024 20:26:28 - root - INFO - Loading pretrained model directly as only one is available
12-07-2024 20:26:35 - urllib3.connectionpool - DEBUG - Starting new HTTPS connection (1): huggingface.co:443
12-07-2024 20:26:35 - urllib3.connectionpool - DEBUG - https://huggingface.co:443 "HEAD /distilbert/distilbert-base-uncased/resolve/main/tokenizer_config.json HTTP/1.1" 200 0
12-07-2024 20:26:35 - root - DEBUG - Using distilbert/distilbert-base-uncased as tokenizer
12-07-2024 20:26:35 - root - DEBUG - Generator shuffle is set as True
12-07-2024 20:26:35 - root - DEBUG - Number of samples given to generator is 13072
12-07-2024 20:26:35 - root - DEBUG - X batch shape is: (None, 144, 144, 1)
12-07-2024 20:26:35 - root - DEBUG - Y batch shape is: (None, 201)
12-07-2024 20:26:35 - root - DEBUG - Generator shuffle is set as True
12-07-2024 20:26:35 - root - DEBUG - Number of samples given to generator is 3268
12-07-2024 20:26:35 - root - DEBUG - X batch shape is: (None, 144, 144, 1)
12-07-2024 20:26:35 - root - DEBUG - Y batch shape is: (None, 201)
12-07-2024 20:28:44 - root - INFO - Train loss: 0.05724241957068443
12-07-2024 20:28:44 - root - INFO - Train metric: 0.9726506471633911
12-07-2024 20:28:44 - root - INFO - Validation loss: 0.11149299144744873
12-07-2024 20:28:44 - root - INFO - Validation metric: 0.9571011662483215
